#
# There is insufficient memory for the Java Runtime Environment to continue.
# Native memory allocation (mmap) failed to map 268435456 bytes for G1 virtual space
# Possible reasons:
#   The system is out of physical RAM or swap space
#   The process is running with CompressedOops enabled, and the Java Heap may be blocking the growth of the native heap
# Possible solutions:
#   Reduce memory load on the system
#   Increase physical memory or swap space
#   Check if swap backing store is full
#   Decrease Java heap size (-Xmx/-Xms)
#   Decrease number of Java threads
#   Decrease Java thread stack sizes (-Xss)
#   Set larger code cache with -XX:ReservedCodeCacheSize=
#   JVM is running with Zero Based Compressed Oops mode in which the Java heap is
#     placed in the first 32GB address space. The Java Heap base address is the
#     maximum limit for the native heap growth. Please use -XX:HeapBaseMinAddress
#     to set the Java Heap base and to place the Java Heap above 32GB virtual address.
# This output file may be truncated or incomplete.
#
#  Out of Memory Error (os_windows.cpp:3552), pid=8848, tid=9996
#
# JRE version:  (17.0.9+11) (build )
# Java VM: Java HotSpot(TM) 64-Bit Server VM (17.0.9+11-LTS-201, mixed mode, sharing, tiered, compressed oops, compressed class ptrs, g1 gc, windows-amd64)
# No core dump will be written. Minidumps are not enabled by default on client versions of Windows
#

---------------  S U M M A R Y ------------

Command Line: org.jetbrains.kotlin.cli.jvm.K2JVMCompiler @E:\jayavarshini\react_native\FMApp\node_modules\react-native-webview\android\build\20241119_7781425177806432045.compiler.options

Host: Intel(R) Core(TM) i7-6600U CPU @ 2.60GHz, 4 cores, 15G,  Windows 10 , 64 bit Build 19041 (10.0.19041.5072)
Time: Tue Nov 19 21:59:09 2024 India Standard Time elapsed time: 0.018707 seconds (0d 0h 0m 0s)

---------------  T H R E A D  ---------------

Current thread (0x000001d44be7f260):  JavaThread "Unknown thread" [_thread_in_vm, id=9996, stack(0x0000008323200000,0x0000008323300000)]

Stack: [0x0000008323200000,0x0000008323300000]
Native frames: (J=compiled Java code, j=interpreted, Vv=VM code, C=native code)
V  [jvm.dll+0x678a4a]
V  [jvm.dll+0x7d9cfd]
V  [jvm.dll+0x7db60e]
V  [jvm.dll+0x7dbc73]
V  [jvm.dll+0x245e1f]
V  [jvm.dll+0x6758f9]
V  [jvm.dll+0x66a2a2]
V  [jvm.dll+0x303686]
V  [jvm.dll+0x30ac06]
V  [jvm.dll+0x35a48e]
V  [jvm.dll+0x35a6bf]
V  [jvm.dll+0x2da678]
V  [jvm.dll+0x2db5e4]
V  [jvm.dll+0x7ab6b1]
V  [jvm.dll+0x368041]
V  [jvm.dll+0x78a749]
V  [jvm.dll+0x3ebd4f]
V  [jvm.dll+0x3ed7d1]
C  [jli.dll+0x5297]
C  [ucrtbase.dll+0x21bb2]
C  [KERNEL32.DLL+0x17374]
C  [ntdll.dll+0x4cc91]


---------------  P R O C E S S  ---------------

Threads class SMR info:
_java_thread_list=0x00007ffb91ab89d8, length=0, elements={
}

Java Threads: ( => current thread )

Other Threads:
  0x000001d44beeb060 GCTaskThread "GC Thread#0" [stack: 0x0000008323300000,0x0000008323400000] [id=15268]
  0x000001d44befbdf0 ConcurrentGCThread "G1 Main Marker" [stack: 0x0000008323400000,0x0000008323500000] [id=15020]
  0x000001d44befc800 ConcurrentGCThread "G1 Conc#0" [stack: 0x0000008323500000,0x0000008323600000] [id=15944]

[error occurred during error reporting (printing all threads), id 0xc0000005, EXCEPTION_ACCESS_VIOLATION (0xc0000005) at pc=0x00007ffb912eb2d7]

VM state: not at safepoint (not fully initialized)

VM Mutex/Monitor currently owned by a thread:  ([mutex/lock_event])
[0x000001d44be7cc70] Heap_lock - owner thread: 0x000001d44be7f260

Heap address: 0x0000000701c00000, size: 4068 MB, Compressed Oops mode: Zero based, Oop shift amount: 3

CDS archive(s) mapped at: [0x0000000000000000-0x0000000000000000-0x0000000000000000), size 0, SharedBaseAddress: 0x0000000800000000, ArchiveRelocationMode: 1.
Narrow klass base: 0x0000000000000000, Narrow klass shift: 0, Narrow klass range: 0x0

GC Precious Log:
<Empty>

Heap:
 garbage-first heap   total 0K, used 0K [0x0000000701c00000, 0x0000000800000000)
  region size 2048K, 0 young (0K), 0 survivors (0K)

[error occurred during error reporting (printing heap information), id 0xc0000005, EXCEPTION_ACCESS_VIOLATION (0xc0000005) at pc=0x00007ffb916d2229]

GC Heap History (0 events):
No events

Deoptimization events (0 events):
No events

Classes unloaded (0 events):
No events

Classes redefined (0 events):
No events

Internal exceptions (0 events):
No events

VM Operations (0 events):
No events

Events (1 events):
Event: 0.011 Loaded shared library C:\Program Files\Java\jdk-17\bin\java.dll


Dynamic libraries:
0x00007ff6377d0000 - 0x00007ff6377e0000 	C:\Program Files\Java\jdk-17\bin\java.exe
0x00007ffc068d0000 - 0x00007ffc06ac8000 	C:\Windows\SYSTEM32\ntdll.dll
0x00007ffc04f00000 - 0x00007ffc04fc2000 	C:\Windows\System32\KERNEL32.DLL
0x00007ffc04380000 - 0x00007ffc0467e000 	C:\Windows\System32\KERNELBASE.dll
0x00007ffc03fa0000 - 0x00007ffc040a0000 	C:\Windows\System32\ucrtbase.dll
0x00007ffbb6200000 - 0x00007ffbb6219000 	C:\Program Files\Java\jdk-17\bin\jli.dll
0x00007ffc06670000 - 0x00007ffc06721000 	C:\Windows\System32\ADVAPI32.dll
0x00007ffc065d0000 - 0x00007ffc0666e000 	C:\Windows\System32\msvcrt.dll
0x00007ffc04e60000 - 0x00007ffc04eff000 	C:\Windows\System32\sechost.dll
0x00007ffc056a0000 - 0x00007ffc057c3000 	C:\Windows\System32\RPCRT4.dll
0x00007ffc03f70000 - 0x00007ffc03f97000 	C:\Windows\System32\bcrypt.dll
0x00007ffc05850000 - 0x00007ffc059ed000 	C:\Windows\System32\USER32.dll
0x00007ffc047e0000 - 0x00007ffc04802000 	C:\Windows\System32\win32u.dll
0x00007ffc06730000 - 0x00007ffc0675b000 	C:\Windows\System32\GDI32.dll
0x00007ffc040a0000 - 0x00007ffc041b7000 	C:\Windows\System32\gdi32full.dll
0x00007ffc041c0000 - 0x00007ffc0425d000 	C:\Windows\System32\msvcp_win.dll
0x00007ffb9c8d0000 - 0x00007ffb9c8eb000 	C:\Program Files\Java\jdk-17\bin\VCRUNTIME140.dll
0x00007ffbe9310000 - 0x00007ffbe95aa000 	C:\Windows\WinSxS\amd64_microsoft.windows.common-controls_6595b64144ccf1df_6.0.19041.4355_none_60b8b9eb71f62e16\COMCTL32.dll
0x00007ffbfa8f0000 - 0x00007ffbfa8fa000 	C:\Windows\SYSTEM32\VERSION.dll
0x00007ffc06400000 - 0x00007ffc0642f000 	C:\Windows\System32\IMM32.DLL
0x00007ffbf7b30000 - 0x00007ffbf7b3c000 	C:\Program Files\Java\jdk-17\bin\vcruntime140_1.dll
0x00007ffb9c7e0000 - 0x00007ffb9c86e000 	C:\Program Files\Java\jdk-17\bin\msvcp140.dll
0x00007ffb91000000 - 0x00007ffb91be1000 	C:\Program Files\Java\jdk-17\bin\server\jvm.dll
0x00007ffc06430000 - 0x00007ffc06438000 	C:\Windows\System32\PSAPI.DLL
0x00007ffbe3170000 - 0x00007ffbe3179000 	C:\Windows\SYSTEM32\WSOCK32.dll
0x00007ffc05ae0000 - 0x00007ffc05b4b000 	C:\Windows\System32\WS2_32.dll
0x00007ffbebcf0000 - 0x00007ffbebd17000 	C:\Windows\SYSTEM32\WINMM.dll
0x00007ffc02790000 - 0x00007ffc027a2000 	C:\Windows\SYSTEM32\kernel.appcore.dll
0x00007ffbe20d0000 - 0x00007ffbe20da000 	C:\Program Files\Java\jdk-17\bin\jimage.dll
0x00007ffbfeca0000 - 0x00007ffbfee84000 	C:\Windows\SYSTEM32\DBGHELP.DLL
0x00007ffbebab0000 - 0x00007ffbebae4000 	C:\Windows\SYSTEM32\dbgcore.DLL
0x00007ffc04860000 - 0x00007ffc048e2000 	C:\Windows\System32\bcryptPrimitives.dll
0x00007ffb97e20000 - 0x00007ffb97e45000 	C:\Program Files\Java\jdk-17\bin\java.dll

dbghelp: loaded successfully - version: 4.0.5 - missing functions: none
symbol engine: initialized successfully - sym options: 0x614 - pdb path: .;C:\Program Files\Java\jdk-17\bin;C:\Windows\SYSTEM32;C:\Windows\WinSxS\amd64_microsoft.windows.common-controls_6595b64144ccf1df_6.0.19041.4355_none_60b8b9eb71f62e16;C:\Program Files\Java\jdk-17\bin\server

VM Arguments:
java_command: org.jetbrains.kotlin.cli.jvm.K2JVMCompiler @E:\jayavarshini\react_native\FMApp\node_modules\react-native-webview\android\build\20241119_7781425177806432045.compiler.options
java_class_path (initial): C:\Users\HP\.gradle\caches\modules-2\files-2.1\org.jetbrains.kotlin\kotlin-compiler-embeddable\1.9.24\78dab849090e6c5e2eadb6e59a11cdc28fb67a08\kotlin-compiler-embeddable-1.9.24.jar;C:\Users\HP\.gradle\caches\modules-2\files-2.1\org.jetbrains.kotlin\kotlin-stdlib\1.9.24\9928532f12c66ad816a625b3f9984f8368ca6d2b\kotlin-stdlib-1.9.24.jar;C:\Users\HP\.gradle\caches\modules-2\files-2.1\org.jetbrains.kotlin\kotlin-script-runtime\1.9.24\96771497da90fbc5af1c90fce148db2595a62502\kotlin-script-runtime-1.9.24.jar;C:\Users\HP\.gradle\caches\modules-2\files-2.1\org.jetbrains.kotlin\kotlin-reflect\1.6.10\1cbe9c92c12a94eea200d23c2bbaedaf3daf5132\kotlin-reflect-1.6.10.jar;C:\Users\HP\.gradle\caches\modules-2\files-2.1\org.jetbrains.kotlin\kotlin-daemon-embeddable\1.9.24\86685b9c5e8d170925bd9ddbdc263374a6a73281\kotlin-daemon-embeddable-1.9.24.jar;C:\Users\HP\.gradle\caches\modules-2\files-2.1\org.jetbrains.intellij.deps\trove4j\1.0.20200330\3afb14d5f9ceb459d724e907a21145e8ff394f02\trove4j-1.0.20200330.jar;C:\Users\HP\.gradle\caches\modules-2\files-2.1\org.jetbrains\annotations\13.0\919f0dfe192fb4e063e7dacadee7f8bb9a2672a9\annotations-13.0.jar
Launcher Type: SUN_STANDARD

[Global flags]
     intx CICompilerCount                          = 3                                         {product} {ergonomic}
     uint ConcGCThreads                            = 1                                         {product} {ergonomic}
     uint G1ConcRefinementThreads                  = 4                                         {product} {ergonomic}
   size_t G1HeapRegionSize                         = 2097152                                   {product} {ergonomic}
    uintx GCDrainStackTargetSize                   = 64                                        {product} {ergonomic}
   size_t InitialHeapSize                          = 268435456                                 {product} {ergonomic}
   size_t MarkStackSize                            = 4194304                                   {product} {ergonomic}
   size_t MaxHeapSize                              = 4265607168                                {product} {ergonomic}
   size_t MinHeapDeltaBytes                        = 2097152                                   {product} {ergonomic}
   size_t MinHeapSize                              = 8388608                                   {product} {ergonomic}
    uintx NonNMethodCodeHeapSize                   = 5832780                                {pd product} {ergonomic}
    uintx NonProfiledCodeHeapSize                  = 122912730                              {pd product} {ergonomic}
    uintx ProfiledCodeHeapSize                     = 122912730                              {pd product} {ergonomic}
    uintx ReservedCodeCacheSize                    = 251658240                              {pd product} {ergonomic}
     bool SegmentedCodeCache                       = true                                      {product} {ergonomic}
   size_t SoftMaxHeapSize                          = 4265607168                             {manageable} {ergonomic}
     bool UseCompressedClassPointers               = true                           {product lp64_product} {ergonomic}
     bool UseCompressedOops                        = true                           {product lp64_product} {ergonomic}
     bool UseG1GC                                  = true                                      {product} {ergonomic}
     bool UseLargePagesIndividualAllocation        = false                                  {pd product} {ergonomic}

Logging:
Log output configuration:
 #0: stdout all=warning uptime,level,tags
 #1: stderr all=off uptime,level,tags

Environment Variables:
JAVA_HOME=C:\Program Files\Java\jdk-17
CLASSPATH=E:\jayavarshini\react_native\FMApp\android\\gradle\wrapper\gradle-wrapper.jar
PATH=E:\jayavarshini\react_native\FMApp\node_modules\.bin;E:\jayavarshini\react_native\FMApp\node_modules\.bin;E:\jayavarshini\react_native\node_modules\.bin;E:\jayavarshini\node_modules\.bin;E:\node_modules\.bin;C:\Users\HP\AppData\Roaming\npm\node_modules\npm\node_modules\@npmcli\run-script\lib\node-gyp-bin;E:\jayavarshini\react_native\FMApp\node_modules\.bin;E:\jayavarshini\react_native\node_modules\.bin;E:\jayavarshini\node_modules\.bin;E:\node_modules\.bin;C:\Users\HP\AppData\Roaming\npm\node_modules\npm\node_modules\@npmcli\run-script\lib\node-gyp-bin;C:\Program Files\Common Files\Oracle\Java\javapath;C:\Program Files (x86)\Common Files\Intel\Shared Libraries\redist\intel64\compiler;C:\Windows\system32;C:\Windows;C:\Windows\System32\Wbem;C:\Windows\System32\WindowsPowerShell\v1.0\;C:\Windows\System32\OpenSSH\;C:\Program Files\nodejs\;D:\Sdk\platform-tools;C:\Program Files\Java\jdk-17\bin;C:\Program Files\Git\cmd;C:\Program Files\Git LFS;C:\src\flutter\bin;C:\Program Files (x86)\Windows Kits\10\Windows Performance Toolkit\;C:\Program Files\dotnet\;C:\Program Files\MongoDB\Server\8.0\bin;D:\Sdk\tools;C:\Program Files\Java\jdk-17\bin;C:\Users\HP\AppData\Local\Microsoft\WindowsApps;C:\Users\HP\AppData\Local\Programs\Microsoft VS Code\bin;C:\Users\HP\AppData\Roaming\npm;D:\Sdk\platform-tools;C:\Users\HP\AppData\Local\GitHubDesktop\bin;C:\src\flutter\flutter\bin;C:\Program Files (x86)\Nmap
USERNAME=HP
LANG=en_US.UTF-8
OS=Windows_NT
PROCESSOR_IDENTIFIER=Intel64 Family 6 Model 78 Stepping 3, GenuineIntel



---------------  S Y S T E M  ---------------

OS:
 Windows 10 , 64 bit Build 19041 (10.0.19041.5072)
OS uptime: 1 days 9:04 hours

CPU: total 4 (initial active 4) (2 cores per cpu, 2 threads per core) family 6 model 78 stepping 3 microcode 0xe2, cx8, cmov, fxsr, ht, mmx, 3dnowpref, sse, sse2, sse3, ssse3, sse4.1, sse4.2, popcnt, lzcnt, tsc, tscinvbit, avx, avx2, aes, erms, clmul, bmi1, bmi2, rtm, adx, fma, vzeroupper, clflush, clflushopt

Memory: 4k page, system-wide physical 16264M (3056M free)
TotalPageFile size 18312M (AvailPageFile size 103M)
current process WorkingSet (physical memory assigned to process): 10M, peak: 10M
current process commit charge ("private bytes"): 51M, peak: 307M

vm_info: Java HotSpot(TM) 64-Bit Server VM (17.0.9+11-LTS-201) for windows-amd64 JRE (17.0.9+11-LTS-201), built on Oct 10 2023 23:16:06 by "mach5one" with MS VC++ 17.1 (VS2022)

END.
